Using pre-set license
Built from '2020.3/release' branch; Version is '2020.3.1f1 (77a89f25062f) revision 7841951'; Using compiler version '192528614'; Build Type 'Release'
OS: 'Windows 10 Home; OS build 19045.2846; Version 2009; 64bit' Language: 'en' Physical Memory: 7549 MB
BatchMode: 1, IsHumanControllingUs: 0, StartBugReporterOnCrash: 0, Is64bit: 1, IsPro: 0

 COMMAND LINE ARGUMENTS:
C:\Program Files\Unity\Hub\Editor\2020.3.1f1\Editor\Unity.exe
-adb2
-batchMode
-noUpm
-name
AssetImportWorker0
-projectPath
C:/Users/ranja/Desktop/Unity Projects/zeldaTechDemo
-logFile
Logs/AssetImportWorker0.log
-srvPort
50703
Successfully changed project path to: C:/Users/ranja/Desktop/Unity Projects/zeldaTechDemo
C:/Users/ranja/Desktop/Unity Projects/zeldaTechDemo
Using Asset Import Pipeline V2.
Refreshing native plugins compatible for Editor in 43.46 ms, found 0 plugins.
Preloading 0 native plugins for Editor in 0.00 ms.
Initialize engine version: 2020.3.1f1 (77a89f25062f)
[Subsystems] Discovering subsystems at path C:/Program Files/Unity/Hub/Editor/2020.3.1f1/Editor/Data/Resources/UnitySubsystems
[Subsystems] Discovering subsystems at path C:/Users/ranja/Desktop/Unity Projects/zeldaTechDemo/Assets
GfxDevice: creating device client; threaded=0
Direct3D:
    Version:  Direct3D 11.0 [level 11.1]
    Renderer: AMD Radeon(TM) Graphics (ID=0x1636)
    Vendor:   
    VRAM:     3774 MB
    Driver:   27.20.11044.4003
Initialize mono
Mono path[0] = 'C:/Program Files/Unity/Hub/Editor/2020.3.1f1/Editor/Data/Managed'
Mono path[1] = 'C:/Program Files/Unity/Hub/Editor/2020.3.1f1/Editor/Data/MonoBleedingEdge/lib/mono/unityjit'
Mono config path = 'C:/Program Files/Unity/Hub/Editor/2020.3.1f1/Editor/Data/MonoBleedingEdge/etc'
Using monoOptions --debugger-agent=transport=dt_socket,embedding=1,server=y,suspend=n,address=127.0.0.1:56716
Begin MonoManager ReloadAssembly
Registering precompiled unity dll's ...
Register platform support module: C:/Program Files/Unity/Hub/Editor/2020.3.1f1/Editor/Data/PlaybackEngines/WebGLSupport/UnityEditor.WebGL.Extensions.dll
Register platform support module: C:/Program Files/Unity/Hub/Editor/2020.3.1f1/Editor/Data/PlaybackEngines/WindowsStandaloneSupport/UnityEditor.WindowsStandalone.Extensions.dll
Registered in 0.003506 seconds.
Native extension for WindowsStandalone target not found
Native extension for WebGL target not found
Refreshing native plugins compatible for Editor in 47.29 ms, found 0 plugins.
Preloading 0 native plugins for Editor in 0.00 ms.
Invoked RoslynAnalysisRunner static constructor.
RoslynAnalysisRunner will not be running.
RoslynAnalysisRunner has terminated.
Mono: successfully reloaded assembly
- Completed reload, in  2.177 seconds
Platform modules already initialized, skipping
Registering precompiled user dll's ...
Registered in 0.001791 seconds.
Begin MonoManager ReloadAssembly
Native extension for WindowsStandalone target not found
Native extension for WebGL target not found
Refreshing native plugins compatible for Editor in 0.64 ms, found 0 plugins.
Preloading 0 native plugins for Editor in 0.00 ms.
Invoked RoslynAnalysisRunner static constructor.
RoslynAnalysisRunner will not be running.
RoslynAnalysisRunner has terminated.
Mono: successfully reloaded assembly
- Completed reload, in  1.994 seconds
Platform modules already initialized, skipping
========================================================================
Worker process is ready to serve import requests
Launched and connected shader compiler UnityShaderCompiler.exe after 0.07 seconds
Refreshing native plugins compatible for Editor in 0.40 ms, found 0 plugins.
Preloading 0 native plugins for Editor in 0.00 ms.
Unloading 1151 Unused Serialized files (Serialized files now loaded: 0)
System memory in use before: 63.6 MB.
System memory in use after: 63.7 MB.

Unloading 11 unused Assets to reduce memory usage. Loaded Objects now: 1601.
Total: 3.779000 ms (FindLiveObjects: 0.249800 ms CreateObjectMapping: 0.078800 ms MarkObjects: 3.300900 ms  DeleteObjects: 0.146900 ms)

========================================================================
Received Import Request.
  path: Assets/Scripts/Blocks.cs
  artifactKey: Guid(573fef5a5cddb404fb2d1c28b71233de) Importer(815301076,1909f56bfc062723c751e8b465ee728b)
Start importing Assets/Scripts/Blocks.cs using Guid(573fef5a5cddb404fb2d1c28b71233de) Importer(815301076,1909f56bfc062723c751e8b465ee728b)  -> (artifact id: '0d55b08dd9da0413f04b42ef8ce1ee96') in 0.021164 seconds
  Import took 0.024892 seconds .

========================================================================
Received Prepare
Refreshing native plugins compatible for Editor in 4.93 ms, found 0 plugins.
Preloading 0 native plugins for Editor in 0.00 ms.
Unloading 4 Unused Serialized files (Serialized files now loaded: 0)
System memory in use before: 39.8 MB.
System memory in use after: 39.9 MB.

Unloading 4 unused Assets to reduce memory usage. Loaded Objects now: 1601.
Total: 5.243800 ms (FindLiveObjects: 0.394200 ms CreateObjectMapping: 0.077000 ms MarkObjects: 4.572200 ms  DeleteObjects: 0.195600 ms)

========================================================================
Received Prepare
Registering precompiled user dll's ...
Registered in 0.002429 seconds.
Begin MonoManager ReloadAssembly
Native extension for WindowsStandalone target not found
Native extension for WebGL target not found
Refreshing native plugins compatible for Editor in 0.41 ms, found 0 plugins.
Preloading 0 native plugins for Editor in 0.00 ms.
Invoked RoslynAnalysisRunner static constructor.
RoslynAnalysisRunner will not be running.
RoslynAnalysisRunner has terminated.
Mono: successfully reloaded assembly
- Completed reload, in  1.236 seconds
Platform modules already initialized, skipping
Refreshing native plugins compatible for Editor in 0.56 ms, found 0 plugins.
Preloading 0 native plugins for Editor in 0.00 ms.
Unloading 1130 Unused Serialized files (Serialized files now loaded: 0)
System memory in use before: 62.3 MB.
System memory in use after: 62.4 MB.

Unloading 6 unused Assets to reduce memory usage. Loaded Objects now: 1604.
Total: 3.846600 ms (FindLiveObjects: 0.297600 ms CreateObjectMapping: 0.074000 ms MarkObjects: 3.320600 ms  DeleteObjects: 0.151300 ms)

========================================================================
Received Import Request.
  Time since last request: 490.394115 seconds.
  path: Assets/Scripts/Blocks.cs
  artifactKey: Guid(573fef5a5cddb404fb2d1c28b71233de) Importer(815301076,1909f56bfc062723c751e8b465ee728b)
Start importing Assets/Scripts/Blocks.cs using Guid(573fef5a5cddb404fb2d1c28b71233de) Importer(815301076,1909f56bfc062723c751e8b465ee728b)  -> (artifact id: '2c490411a896694038dd40def8d3a5ed') in 0.008595 seconds
  Import took 0.012980 seconds .

========================================================================
Received Import Request.
  Time since last request: 5.306981 seconds.
  path: Assets/Sounds
  artifactKey: Guid(6ba8f7cfee354ab41899afb594208b34) Importer(815301076,1909f56bfc062723c751e8b465ee728b)
Start importing Assets/Sounds using Guid(6ba8f7cfee354ab41899afb594208b34) Importer(815301076,1909f56bfc062723c751e8b465ee728b)  -> (artifact id: '21aa11a08cc585990042654e61b65e9b') in 0.076460 seconds
  Import took 0.117846 seconds .

========================================================================
Received Import Request.
  Time since last request: 146.503201 seconds.
  path: Assets/Sounds/13_human_jump_land_2.wav
  artifactKey: Guid(78acfcc212011204c9449a7465f428f0) Importer(815301076,1909f56bfc062723c751e8b465ee728b)
Start importing Assets/Sounds/13_human_jump_land_2.wav using Guid(78acfcc212011204c9449a7465f428f0) Importer(815301076,1909f56bfc062723c751e8b465ee728b)  -> (artifact id: 'a9d1cd4782cee2e3f62ce15afc0a3377') in 0.320316 seconds
  Import took 0.325572 seconds .

========================================================================
Received Import Request.
  Time since last request: 85.248107 seconds.
  path: Assets/Sounds/forceField_000.ogg
  artifactKey: Guid(397466157bcd3ab4e9ceb94ce8c5c15a) Importer(815301076,1909f56bfc062723c751e8b465ee728b)
Start importing Assets/Sounds/forceField_000.ogg using Guid(397466157bcd3ab4e9ceb94ce8c5c15a) Importer(815301076,1909f56bfc062723c751e8b465ee728b)  -> (artifact id: 'd7fc40f316f8798aba079f6e173ee781') in 0.040679 seconds
  Import took 0.045224 seconds .

========================================================================
Received Import Request.
  Time since last request: 13.748655 seconds.
  path: Assets/Sounds/forceField_004.ogg
  artifactKey: Guid(0266d60c9ec74df47920117f33c0a3af) Importer(815301076,1909f56bfc062723c751e8b465ee728b)
Start importing Assets/Sounds/forceField_004.ogg using Guid(0266d60c9ec74df47920117f33c0a3af) Importer(815301076,1909f56bfc062723c751e8b465ee728b)  -> (artifact id: '92f3f0b138f986e35a7873ae81042f22') in 0.041292 seconds
  Import took 0.047852 seconds .

========================================================================
Received Import Request.
  Time since last request: 0.004360 seconds.
  path: Assets/Sounds/forceField_004.ogg
  artifactKey: Guid(0266d60c9ec74df47920117f33c0a3af) Importer(815301076,1909f56bfc062723c751e8b465ee728b)
Start importing Assets/Sounds/forceField_004.ogg using Guid(0266d60c9ec74df47920117f33c0a3af) Importer(815301076,1909f56bfc062723c751e8b465ee728b)  -> (artifact id: '92f3f0b138f986e35a7873ae81042f22') in 0.020761 seconds
  Import took 0.026128 seconds .

========================================================================
Received Prepare
Registering precompiled user dll's ...
Registered in 0.001537 seconds.
Begin MonoManager ReloadAssembly
Native extension for WindowsStandalone target not found
Native extension for WebGL target not found
Refreshing native plugins compatible for Editor in 0.57 ms, found 0 plugins.
Preloading 0 native plugins for Editor in 0.00 ms.
Invoked RoslynAnalysisRunner static constructor.
RoslynAnalysisRunner will not be running.
RoslynAnalysisRunner has terminated.
Mono: successfully reloaded assembly
- Completed reload, in  1.446 seconds
Platform modules already initialized, skipping
Refreshing native plugins compatible for Editor in 0.41 ms, found 0 plugins.
Preloading 0 native plugins for Editor in 0.00 ms.
Unloading 1130 Unused Serialized files (Serialized files now loaded: 0)
System memory in use before: 65.5 MB.
System memory in use after: 65.5 MB.

Unloading 6 unused Assets to reduce memory usage. Loaded Objects now: 1616.
Total: 3.655600 ms (FindLiveObjects: 0.378500 ms CreateObjectMapping: 0.059800 ms MarkObjects: 2.953300 ms  DeleteObjects: 0.121300 ms)

========================================================================
Received Prepare
Registering precompiled user dll's ...
Registered in 0.002319 seconds.
Begin MonoManager ReloadAssembly
Native extension for WindowsStandalone target not found
Native extension for WebGL target not found
Refreshing native plugins compatible for Editor in 0.54 ms, found 0 plugins.
Preloading 0 native plugins for Editor in 0.00 ms.
Invoked RoslynAnalysisRunner static constructor.
RoslynAnalysisRunner will not be running.
RoslynAnalysisRunner has terminated.
Mono: successfully reloaded assembly
- Completed reload, in  1.556 seconds
Platform modules already initialized, skipping
Refreshing native plugins compatible for Editor in 0.40 ms, found 0 plugins.
Preloading 0 native plugins for Editor in 0.00 ms.
Unloading 1130 Unused Serialized files (Serialized files now loaded: 0)
System memory in use before: 65.5 MB.
System memory in use after: 65.6 MB.

Unloading 6 unused Assets to reduce memory usage. Loaded Objects now: 1619.
Total: 3.434800 ms (FindLiveObjects: 0.671400 ms CreateObjectMapping: 0.116100 ms MarkObjects: 2.522000 ms  DeleteObjects: 0.121400 ms)

========================================================================
Received Prepare
Registering precompiled user dll's ...
Registered in 0.002831 seconds.
Begin MonoManager ReloadAssembly
Native extension for WindowsStandalone target not found
Native extension for WebGL target not found
Refreshing native plugins compatible for Editor in 0.60 ms, found 0 plugins.
Preloading 0 native plugins for Editor in 0.00 ms.
Invoked RoslynAnalysisRunner static constructor.
RoslynAnalysisRunner will not be running.
RoslynAnalysisRunner has terminated.
Mono: successfully reloaded assembly
- Completed reload, in  1.241 seconds
Platform modules already initialized, skipping
Refreshing native plugins compatible for Editor in 0.41 ms, found 0 plugins.
Preloading 0 native plugins for Editor in 0.00 ms.
Unloading 1130 Unused Serialized files (Serialized files now loaded: 0)
System memory in use before: 65.5 MB.
System memory in use after: 65.6 MB.

Unloading 6 unused Assets to reduce memory usage. Loaded Objects now: 1622.
Total: 5.725600 ms (FindLiveObjects: 0.585000 ms CreateObjectMapping: 0.145400 ms MarkObjects: 4.790000 ms  DeleteObjects: 0.201200 ms)

========================================================================
Received Prepare
Registering precompiled user dll's ...
Registered in 0.001547 seconds.
Begin MonoManager ReloadAssembly
Native extension for WindowsStandalone target not found
Native extension for WebGL target not found
Refreshing native plugins compatible for Editor in 0.45 ms, found 0 plugins.
Preloading 0 native plugins for Editor in 0.00 ms.
Invoked RoslynAnalysisRunner static constructor.
RoslynAnalysisRunner will not be running.
RoslynAnalysisRunner has terminated.
Mono: successfully reloaded assembly
- Completed reload, in  1.446 seconds
Platform modules already initialized, skipping
Refreshing native plugins compatible for Editor in 0.59 ms, found 0 plugins.
Preloading 0 native plugins for Editor in 0.00 ms.
Unloading 1130 Unused Serialized files (Serialized files now loaded: 0)
System memory in use before: 65.5 MB.
System memory in use after: 65.6 MB.

Unloading 6 unused Assets to reduce memory usage. Loaded Objects now: 1625.
Total: 4.151600 ms (FindLiveObjects: 0.295800 ms CreateObjectMapping: 0.074400 ms MarkObjects: 3.609600 ms  DeleteObjects: 0.168600 ms)

========================================================================
Received Prepare
Registering precompiled user dll's ...
Registered in 0.001771 seconds.
Begin MonoManager ReloadAssembly
Native extension for WindowsStandalone target not found
Native extension for WebGL target not found
Refreshing native plugins compatible for Editor in 0.82 ms, found 0 plugins.
Preloading 0 native plugins for Editor in 0.00 ms.
Invoked RoslynAnalysisRunner static constructor.
RoslynAnalysisRunner will not be running.
RoslynAnalysisRunner has terminated.
Mono: successfully reloaded assembly
- Completed reload, in  1.422 seconds
Platform modules already initialized, skipping
Refreshing native plugins compatible for Editor in 0.38 ms, found 0 plugins.
Preloading 0 native plugins for Editor in 0.00 ms.
Unloading 1130 Unused Serialized files (Serialized files now loaded: 0)
System memory in use before: 65.5 MB.
System memory in use after: 65.6 MB.

Unloading 6 unused Assets to reduce memory usage. Loaded Objects now: 1628.
Total: 3.866800 ms (FindLiveObjects: 0.604100 ms CreateObjectMapping: 0.134600 ms MarkObjects: 2.964200 ms  DeleteObjects: 0.141800 ms)

========================================================================
Received Prepare
Registering precompiled user dll's ...
Registered in 0.002373 seconds.
Begin MonoManager ReloadAssembly
Native extension for WindowsStandalone target not found
Native extension for WebGL target not found
Refreshing native plugins compatible for Editor in 0.41 ms, found 0 plugins.
Preloading 0 native plugins for Editor in 0.00 ms.
Invoked RoslynAnalysisRunner static constructor.
RoslynAnalysisRunner will not be running.
RoslynAnalysisRunner has terminated.
Mono: successfully reloaded assembly
- Completed reload, in  1.411 seconds
Platform modules already initialized, skipping
Refreshing native plugins compatible for Editor in 0.55 ms, found 0 plugins.
Preloading 0 native plugins for Editor in 0.00 ms.
Unloading 1130 Unused Serialized files (Serialized files now loaded: 0)
System memory in use before: 65.5 MB.
System memory in use after: 65.6 MB.

Unloading 6 unused Assets to reduce memory usage. Loaded Objects now: 1631.
Total: 3.800700 ms (FindLiveObjects: 0.346900 ms CreateObjectMapping: 0.076500 ms MarkObjects: 3.243900 ms  DeleteObjects: 0.128700 ms)

========================================================================
Received Prepare
Registering precompiled user dll's ...
Registered in 0.001554 seconds.
Begin MonoManager ReloadAssembly
Native extension for WindowsStandalone target not found
Native extension for WebGL target not found
Refreshing native plugins compatible for Editor in 0.42 ms, found 0 plugins.
Preloading 0 native plugins for Editor in 0.00 ms.
Invoked RoslynAnalysisRunner static constructor.
RoslynAnalysisRunner will not be running.
RoslynAnalysisRunner has terminated.
Mono: successfully reloaded assembly
- Completed reload, in  1.304 seconds
Platform modules already initialized, skipping
Refreshing native plugins compatible for Editor in 0.41 ms, found 0 plugins.
Preloading 0 native plugins for Editor in 0.00 ms.
Unloading 1130 Unused Serialized files (Serialized files now loaded: 0)
System memory in use before: 65.5 MB.
System memory in use after: 65.6 MB.

Unloading 6 unused Assets to reduce memory usage. Loaded Objects now: 1634.
Total: 2.886500 ms (FindLiveObjects: 0.254600 ms CreateObjectMapping: 0.048700 ms MarkObjects: 2.417400 ms  DeleteObjects: 0.164000 ms)

========================================================================
Received Import Request.
  Time since last request: 991.643962 seconds.
  path: Assets/Materials/Target.mat
  artifactKey: Guid(cc411cc968b580349be6ac86763f6c93) Importer(815301076,1909f56bfc062723c751e8b465ee728b)
Start importing Assets/Materials/Target.mat using Guid(cc411cc968b580349be6ac86763f6c93) Importer(815301076,1909f56bfc062723c751e8b465ee728b)  -> (artifact id: 'f56c04b503e4c36828462107a1480cc7') in 0.260559 seconds
  Import took 0.266936 seconds .

========================================================================
Received Import Request.
  Time since last request: 125.938409 seconds.
  path: Assets/Materials/Target1.mat
  artifactKey: Guid(0f158d229c3496b4684599523f2afa2f) Importer(815301076,1909f56bfc062723c751e8b465ee728b)
Start importing Assets/Materials/Target1.mat using Guid(0f158d229c3496b4684599523f2afa2f) Importer(815301076,1909f56bfc062723c751e8b465ee728b)  -> (artifact id: 'd0651f726e0c866695a72738935a3b64') in 0.042160 seconds
  Import took 0.049359 seconds .

========================================================================
Received Import Request.
  Time since last request: 5.638998 seconds.
  path: Assets/Materials/Target.mat
  artifactKey: Guid(cc411cc968b580349be6ac86763f6c93) Importer(815301076,1909f56bfc062723c751e8b465ee728b)
Start importing Assets/Materials/Target.mat using Guid(cc411cc968b580349be6ac86763f6c93) Importer(815301076,1909f56bfc062723c751e8b465ee728b)  -> (artifact id: 'be1c23e7417c656b44e0e34ba55f8cfa') in 0.048712 seconds
  Import took 0.055108 seconds .

========================================================================
Received Prepare
Registering precompiled user dll's ...
Registered in 0.001857 seconds.
Begin MonoManager ReloadAssembly
Native extension for WindowsStandalone target not found
Native extension for WebGL target not found
Refreshing native plugins compatible for Editor in 0.84 ms, found 0 plugins.
Preloading 0 native plugins for Editor in 0.00 ms.
Invoked RoslynAnalysisRunner static constructor.
RoslynAnalysisRunner will not be running.
RoslynAnalysisRunner has terminated.
Mono: successfully reloaded assembly
- Completed reload, in  1.463 seconds
Platform modules already initialized, skipping
Refreshing native plugins compatible for Editor in 0.41 ms, found 0 plugins.
Preloading 0 native plugins for Editor in 0.00 ms.
Unloading 1130 Unused Serialized files (Serialized files now loaded: 0)
System memory in use before: 65.8 MB.
System memory in use after: 65.8 MB.

Unloading 6 unused Assets to reduce memory usage. Loaded Objects now: 1671.
Total: 3.683000 ms (FindLiveObjects: 0.268600 ms CreateObjectMapping: 0.048500 ms MarkObjects: 3.224900 ms  DeleteObjects: 0.137900 ms)

========================================================================
Received Import Request.
  Time since last request: 314.313127 seconds.
  path: Assets/Scripts/Target.cs
  artifactKey: Guid(4b9a5a4d1a9f5864e8df5cd2ad4ff23c) Importer(815301076,1909f56bfc062723c751e8b465ee728b)
Start importing Assets/Scripts/Target.cs using Guid(4b9a5a4d1a9f5864e8df5cd2ad4ff23c) Importer(815301076,1909f56bfc062723c751e8b465ee728b)  -> (artifact id: 'c3b53cab514a64d1747903313c5b9cb7') in 0.046557 seconds
  Import took 0.102543 seconds .

========================================================================
Received Prepare
Registering precompiled user dll's ...
Registered in 0.002517 seconds.
Begin MonoManager ReloadAssembly
Native extension for WindowsStandalone target not found
Native extension for WebGL target not found
Refreshing native plugins compatible for Editor in 0.59 ms, found 0 plugins.
Preloading 0 native plugins for Editor in 0.00 ms.
Invoked RoslynAnalysisRunner static constructor.
RoslynAnalysisRunner will not be running.
RoslynAnalysisRunner has terminated.
Mono: successfully reloaded assembly
- Completed reload, in  1.278 seconds
Platform modules already initialized, skipping
Refreshing native plugins compatible for Editor in 0.58 ms, found 0 plugins.
Preloading 0 native plugins for Editor in 0.00 ms.
Unloading 1144 Unused Serialized files (Serialized files now loaded: 0)
System memory in use before: 67.5 MB.
System memory in use after: 66.9 MB.

Unloading 19 unused Assets to reduce memory usage. Loaded Objects now: 1675.
Total: 2.940400 ms (FindLiveObjects: 0.302700 ms CreateObjectMapping: 0.046400 ms MarkObjects: 2.164300 ms  DeleteObjects: 0.424100 ms)

========================================================================
Received Import Request.
  Time since last request: 70.055415 seconds.
  path: Assets/Scripts/TargetBoard.cs
  artifactKey: Guid(972470b93a675fb478e1c8cf08633acc) Importer(815301076,1909f56bfc062723c751e8b465ee728b)
Start importing Assets/Scripts/TargetBoard.cs using Guid(972470b93a675fb478e1c8cf08633acc) Importer(815301076,1909f56bfc062723c751e8b465ee728b)  -> (artifact id: 'cc84bfe89ca33ca125452166861cf4ee') in 0.031080 seconds
  Import took 0.039395 seconds .

========================================================================
Received Import Request.
  Time since last request: 0.019975 seconds.
  path: Assets/Scripts/TargetBoard.cs
  artifactKey: Guid(972470b93a675fb478e1c8cf08633acc) Importer(815301076,1909f56bfc062723c751e8b465ee728b)
Start importing Assets/Scripts/TargetBoard.cs using Guid(972470b93a675fb478e1c8cf08633acc) Importer(815301076,1909f56bfc062723c751e8b465ee728b)  -> (artifact id: 'cc84bfe89ca33ca125452166861cf4ee') in 0.008314 seconds
  Import took 0.014098 seconds .

========================================================================
Received Prepare
Registering precompiled user dll's ...
Registered in 0.001670 seconds.
Begin MonoManager ReloadAssembly
Native extension for WindowsStandalone target not found
Native extension for WebGL target not found
Refreshing native plugins compatible for Editor in 0.56 ms, found 0 plugins.
Preloading 0 native plugins for Editor in 0.00 ms.
Invoked RoslynAnalysisRunner static constructor.
RoslynAnalysisRunner will not be running.
RoslynAnalysisRunner has terminated.
Mono: successfully reloaded assembly
- Completed reload, in  1.383 seconds
Platform modules already initialized, skipping
Refreshing native plugins compatible for Editor in 0.43 ms, found 0 plugins.
Preloading 0 native plugins for Editor in 0.00 ms.
Unloading 1145 Unused Serialized files (Serialized files now loaded: 0)
System memory in use before: 67.5 MB.
System memory in use after: 67.0 MB.

Unloading 19 unused Assets to reduce memory usage. Loaded Objects now: 1679.
Total: 5.334800 ms (FindLiveObjects: 0.406800 ms CreateObjectMapping: 0.141600 ms MarkObjects: 4.033200 ms  DeleteObjects: 0.750000 ms)

========================================================================
Received Prepare
Registering precompiled user dll's ...
Registered in 0.004077 seconds.
Begin MonoManager ReloadAssembly
Native extension for WindowsStandalone target not found
Native extension for WebGL target not found
Refreshing native plugins compatible for Editor in 0.81 ms, found 0 plugins.
Preloading 0 native plugins for Editor in 0.00 ms.
Invoked RoslynAnalysisRunner static constructor.
RoslynAnalysisRunner will not be running.
RoslynAnalysisRunner has terminated.
Mono: successfully reloaded assembly
- Completed reload, in  1.416 seconds
Platform modules already initialized, skipping
Refreshing native plugins compatible for Editor in 0.46 ms, found 0 plugins.
Preloading 0 native plugins for Editor in 0.00 ms.
Unloading 1145 Unused Serialized files (Serialized files now loaded: 0)
System memory in use before: 67.5 MB.
System memory in use after: 67.0 MB.

Unloading 19 unused Assets to reduce memory usage. Loaded Objects now: 1682.
Total: 3.421400 ms (FindLiveObjects: 0.355300 ms CreateObjectMapping: 0.085400 ms MarkObjects: 2.419400 ms  DeleteObjects: 0.557900 ms)

========================================================================
Received Import Request.
  Time since last request: 185.061729 seconds.
  path: Assets/Scripts/TargetBoard.cs
  artifactKey: Guid(972470b93a675fb478e1c8cf08633acc) Importer(815301076,1909f56bfc062723c751e8b465ee728b)
Start importing Assets/Scripts/TargetBoard.cs using Guid(972470b93a675fb478e1c8cf08633acc) Importer(815301076,1909f56bfc062723c751e8b465ee728b)  -> (artifact id: '61ecfa7bdc1e2c27a30f00d529af54fd') in 0.009977 seconds
  Import took 0.014903 seconds .

========================================================================
Received Prepare
Registering precompiled user dll's ...
Registered in 0.002157 seconds.
Begin MonoManager ReloadAssembly
Native extension for WindowsStandalone target not found
Native extension for WebGL target not found
Refreshing native plugins compatible for Editor in 0.43 ms, found 0 plugins.
Preloading 0 native plugins for Editor in 0.00 ms.
Invoked RoslynAnalysisRunner static constructor.
RoslynAnalysisRunner will not be running.
RoslynAnalysisRunner has terminated.
Mono: successfully reloaded assembly
- Completed reload, in  1.389 seconds
Platform modules already initialized, skipping
Refreshing native plugins compatible for Editor in 0.44 ms, found 0 plugins.
Preloading 0 native plugins for Editor in 0.00 ms.
Unloading 1145 Unused Serialized files (Serialized files now loaded: 0)
System memory in use before: 67.5 MB.
System memory in use after: 67.0 MB.

Unloading 19 unused Assets to reduce memory usage. Loaded Objects now: 1685.
Total: 4.784500 ms (FindLiveObjects: 0.396500 ms CreateObjectMapping: 0.084500 ms MarkObjects: 3.442600 ms  DeleteObjects: 0.857300 ms)

========================================================================
Received Import Request.
  Time since last request: 139.555204 seconds.
  path: Assets/Scripts/TargetBoard.cs
  artifactKey: Guid(972470b93a675fb478e1c8cf08633acc) Importer(815301076,1909f56bfc062723c751e8b465ee728b)
Start importing Assets/Scripts/TargetBoard.cs using Guid(972470b93a675fb478e1c8cf08633acc) Importer(815301076,1909f56bfc062723c751e8b465ee728b)  -> (artifact id: '218c098b5e6e13a0cd101448cd45225f') in 0.007894 seconds
  Import took 0.011763 seconds .

========================================================================
Received Prepare
Registering precompiled user dll's ...
Registered in 0.001898 seconds.
Begin MonoManager ReloadAssembly
Native extension for WindowsStandalone target not found
Native extension for WebGL target not found
Refreshing native plugins compatible for Editor in 0.45 ms, found 0 plugins.
Preloading 0 native plugins for Editor in 0.00 ms.
Invoked RoslynAnalysisRunner static constructor.
RoslynAnalysisRunner will not be running.
RoslynAnalysisRunner has terminated.
Mono: successfully reloaded assembly
- Completed reload, in  1.301 seconds
Platform modules already initialized, skipping
Refreshing native plugins compatible for Editor in 0.64 ms, found 0 plugins.
Preloading 0 native plugins for Editor in 0.00 ms.
Unloading 1145 Unused Serialized files (Serialized files now loaded: 0)
System memory in use before: 67.5 MB.
System memory in use after: 67.0 MB.

Unloading 19 unused Assets to reduce memory usage. Loaded Objects now: 1688.
Total: 4.399400 ms (FindLiveObjects: 0.419700 ms CreateObjectMapping: 0.082300 ms MarkObjects: 3.369800 ms  DeleteObjects: 0.523600 ms)

========================================================================
Received Prepare
Registering precompiled user dll's ...
Registered in 0.002047 seconds.
Begin MonoManager ReloadAssembly
Native extension for WindowsStandalone target not found
Native extension for WebGL target not found
Refreshing native plugins compatible for Editor in 0.42 ms, found 0 plugins.
Preloading 0 native plugins for Editor in 0.00 ms.
Invoked RoslynAnalysisRunner static constructor.
RoslynAnalysisRunner will not be running.
RoslynAnalysisRunner has terminated.
Mono: successfully reloaded assembly
- Completed reload, in  1.410 seconds
Platform modules already initialized, skipping
Refreshing native plugins compatible for Editor in 0.64 ms, found 0 plugins.
Preloading 0 native plugins for Editor in 0.00 ms.
Unloading 1145 Unused Serialized files (Serialized files now loaded: 0)
System memory in use before: 67.5 MB.
System memory in use after: 67.0 MB.

Unloading 19 unused Assets to reduce memory usage. Loaded Objects now: 1691.
Total: 4.833200 ms (FindLiveObjects: 0.531000 ms CreateObjectMapping: 0.102000 ms MarkObjects: 3.442200 ms  DeleteObjects: 0.754400 ms)

AssetImportWorkerClient::OnTransportError - code=2 error=End of file
